<?xml version="1.0" encoding="UTF-8"?>
<!-- Generated by org.testng.reporters.JUnitXMLReporter -->
<testsuite ignored="3" hostname="LAPTOP-8URA8GOU" failures="0" tests="1" name="Default test" time="3.681" errors="0" timestamp="2026-05-07T09:40:43 IST">
  <testcase classname="api.test.UserTests2" name="testPostUser" time="3.198"/>
  <testcase classname="api.test.UserTests2" name="testGetUser" time="0.0">
    <ignored/>
  </testcase> <!-- testGetUser -->
  <testcase classname="api.test.UserTests2" name="testUpdateUser" time="0.0">
    <ignored/>
  </testcase> <!-- testUpdateUser -->
  <testcase classname="api.test.UserTests2" name="testDeleteUser" time="0.0">
    <ignored/>
  </testcase> <!-- testDeleteUser -->
</testsuite> <!-- Default test -->
