<?xml version="1.0" encoding="UTF-8"?>
<testng-results ignored="0" total="4" passed="4" failed="0" skipped="0">
  <reporter-output>
  </reporter-output>
  <suite started-at="2026-05-07T09:46:28 IST" name="PetSuite" finished-at="2026-05-07T09:46:39 IST" duration-ms="11207">
    <groups>
    </groups>
    <test started-at="2026-05-07T09:46:28 IST" name="PetTest" finished-at="2026-05-07T09:46:39 IST" duration-ms="11207">
      <class name="api.test.UserTests2">
        <test-method is-config="true" signature="setup()[pri:0, instance:api.test.UserTests2@4690b489]" started-at="2026-05-07T09:46:28 IST" name="setup" finished-at="2026-05-07T09:46:28 IST" duration-ms="385" status="PASS">
          <reporter-output>
          </reporter-output>
        </test-method> <!-- setup -->
        <test-method signature="testPostUser()[pri:1, instance:api.test.UserTests2@4690b489]" started-at="2026-05-07T09:46:28 IST" name="testPostUser" finished-at="2026-05-07T09:46:32 IST" duration-ms="3354" status="PASS">
          <reporter-output>
          </reporter-output>
        </test-method> <!-- testPostUser -->
        <test-method signature="testGetUser()[pri:2, instance:api.test.UserTests2@4690b489]" started-at="2026-05-07T09:46:32 IST" name="testGetUser" finished-at="2026-05-07T09:46:33 IST" duration-ms="1690" status="PASS">
          <reporter-output>
          </reporter-output>
        </test-method> <!-- testGetUser -->
        <test-method signature="testUpdateUser()[pri:3, instance:api.test.UserTests2@4690b489]" started-at="2026-05-07T09:46:33 IST" name="testUpdateUser" finished-at="2026-05-07T09:46:37 IST" duration-ms="3682" status="PASS">
          <reporter-output>
          </reporter-output>
        </test-method> <!-- testUpdateUser -->
        <test-method signature="testDeleteUser()[pri:4, instance:api.test.UserTests2@4690b489]" started-at="2026-05-07T09:46:37 IST" name="testDeleteUser" finished-at="2026-05-07T09:46:39 IST" duration-ms="1945" status="PASS">
          <reporter-output>
          </reporter-output>
        </test-method> <!-- testDeleteUser -->
      </class> <!-- api.test.UserTests2 -->
    </test> <!-- PetTest -->
  </suite> <!-- PetSuite -->
</testng-results>
