<?xml version="1.0" encoding="UTF-8"?>
<testng-results ignored="0" total="4" passed="4" failed="0" skipped="0">
  <reporter-output>
  </reporter-output>
  <suite started-at="2026-05-07T09:40:51 IST" name="PetSuite" finished-at="2026-05-07T09:41:02 IST" duration-ms="10944">
    <groups>
    </groups>
    <test started-at="2026-05-07T09:40:51 IST" name="PetTest" finished-at="2026-05-07T09:41:02 IST" duration-ms="10944">
      <class name="api.test.UserTests2">
        <test-method is-config="true" signature="setup()[pri:0, instance:api.test.UserTests2@6ed3ccb2]" started-at="2026-05-07T09:40:51 IST" name="setup" finished-at="2026-05-07T09:40:52 IST" duration-ms="477" status="PASS">
          <reporter-output>
          </reporter-output>
        </test-method> <!-- setup -->
        <test-method signature="testPostUser()[pri:1, instance:api.test.UserTests2@6ed3ccb2]" started-at="2026-05-07T09:40:52 IST" name="testPostUser" finished-at="2026-05-07T09:40:55 IST" duration-ms="3283" status="PASS">
          <reporter-output>
          </reporter-output>
        </test-method> <!-- testPostUser -->
        <test-method signature="testGetUser()[pri:2, instance:api.test.UserTests2@6ed3ccb2]" started-at="2026-05-07T09:40:55 IST" name="testGetUser" finished-at="2026-05-07T09:40:57 IST" duration-ms="1885" status="PASS">
          <reporter-output>
          </reporter-output>
        </test-method> <!-- testGetUser -->
        <test-method signature="testUpdateUser()[pri:3, instance:api.test.UserTests2@6ed3ccb2]" started-at="2026-05-07T09:40:57 IST" name="testUpdateUser" finished-at="2026-05-07T09:41:00 IST" duration-ms="3476" status="PASS">
          <reporter-output>
          </reporter-output>
        </test-method> <!-- testUpdateUser -->
        <test-method signature="testDeleteUser()[pri:4, instance:api.test.UserTests2@6ed3ccb2]" started-at="2026-05-07T09:41:00 IST" name="testDeleteUser" finished-at="2026-05-07T09:41:02 IST" duration-ms="1633" status="PASS">
          <reporter-output>
          </reporter-output>
        </test-method> <!-- testDeleteUser -->
      </class> <!-- api.test.UserTests2 -->
    </test> <!-- PetTest -->
  </suite> <!-- PetSuite -->
</testng-results>
