<?xml version="1.0" encoding="UTF-8"?>
<!-- Generated by org.testng.reporters.JUnitXMLReporter -->
<testsuite ignored="0" hostname="LAPTOP-8URA8GOU" failures="0" tests="4" name="PetTest" time="11.207" errors="0" timestamp="2026-05-07T09:46:39 IST">
  <testcase classname="api.test.UserTests2" name="testPostUser" time="3.354"/>
  <testcase classname="api.test.UserTests2" name="testGetUser" time="1.69"/>
  <testcase classname="api.test.UserTests2" name="testUpdateUser" time="3.682"/>
  <testcase classname="api.test.UserTests2" name="testDeleteUser" time="1.945"/>
</testsuite> <!-- PetTest -->
