<?xml version="1.0" encoding="UTF-8"?>
<!-- Generated by org.testng.reporters.JUnitReportReporter -->
<testsuite hostname="LAPTOP-8URA8GOU" failures="0" tests="4" name="api.test.UserTests" time="11.099" errors="0" timestamp="2026-05-06T18:47:12 IST" skipped="0">
  <testcase classname="api.test.UserTests" name="testPostUser" time="3.396"/>
  <testcase classname="api.test.UserTests" name="testGetUser" time="1.875"/>
  <testcase classname="api.test.UserTests" name="testUpdateUser" time="3.984"/>
  <testcase classname="api.test.UserTests" name="testDeleteUser" time="1.844"/>
</testsuite> <!-- api.test.UserTests -->
