<?xml version="1.0" encoding="UTF-8"?>
<!-- Generated by org.testng.reporters.JUnitReportReporter -->
<testsuite hostname="LAPTOP-8URA8GOU" failures="0" tests="9" name="api.test.DDTests" time="18.517" errors="0" timestamp="2026-05-06T18:25:12 IST" skipped="0">
  <testcase classname="api.test.DDTests" name="testPost" time="1.828"/>
  <testcase classname="api.test.DDTests" name="testPost" time="3.324"/>
  <testcase classname="api.test.DDTests" name="testPost" time="1.829"/>
  <testcase classname="api.test.DDTests" name="testGet" time="1.870"/>
  <testcase classname="api.test.DDTests" name="testGet" time="2.044"/>
  <testcase classname="api.test.DDTests" name="testGet" time="1.945"/>
  <testcase classname="api.test.DDTests" name="testDelete" time="1.896"/>
  <testcase classname="api.test.DDTests" name="testDelete" time="1.941"/>
  <testcase classname="api.test.DDTests" name="testDelete" time="1.840"/>
</testsuite> <!-- api.test.DDTests -->
